<?xml version="1.0" encoding="UTF-8"?>
<!-- Generated by org.testng.reporters.JUnitReportReporter -->
<testsuite skipped="0" hostname="win-PC" name="codingchallengeresolver.FlightReservationTest" tests="1" failures="0" timestamp="24 Jul 2021 04:27:05 GMT" time="5.311" errors="0">
  <testcase name="VerifyOpenModalTest1" time="5.311" classname="codingchallengeresolver.FlightReservationTest"/>
</testsuite> <!-- codingchallengeresolver.FlightReservationTest -->
