<?xml version="1.0" encoding="UTF-8"?>
<!-- Generated by org.testng.reporters.JUnitReportReporter -->
<testsuite skipped="0" hostname="win-PC" name="com.encora.nearpedia.flights.test.FlightUserLoginTest" tests="1" failures="0" timestamp="24 Jul 2021 22:18:23 GMT" time="19.567" errors="0">
  <testcase name="loginNearpediaFlightsSelectionPage" time="19.567" classname="com.encora.nearpedia.flights.test.FlightUserLoginTest"/>
</testsuite> <!-- com.encora.nearpedia.flights.test.FlightUserLoginTest -->
