<?xml version="1.0" encoding="UTF-8"?>
<!-- Generated by org.testng.reporters.JUnitReportReporter -->
<testsuite skipped="0" hostname="win-PC" name="nearpediaFlights.FlightReservationTest" tests="1" failures="0" timestamp="24 Jul 2021 07:44:28 GMT" time="13.760" errors="0">
  <testcase name="FlightReservationTest" time="13.760" classname="nearpediaFlights.FlightReservationTest"/>
</testsuite> <!-- nearpediaFlights.FlightReservationTest -->
